<?xml version="1.0" encoding="UTF-8"?>
<!-- Generated by org.testng.reporters.JUnitReportReporter -->
<testsuite hostname="DESKTOP-9I3SV3N" failures="0" tests="1" name="test.HomeTest" time="133.991" errors="0" timestamp="2023-06-23T21:30:58 IST" skipped="0">
  <testcase classname="test.HomeTest" name="test1" time="133.991"/>
  <system-out/>
</testsuite> <!-- test.HomeTest -->
